<?xml version='1.0' encoding='UTF-8'?>
<testsuite hostname="cans-WS-E500-G5-WS690T" name="FFT.IFFTSpec" tests="4" errors="0" failures="2" skipped="0" time="4.857" timestamp="2025-01-23T13:03:38">
                     <properties>
[...]
</properties>
                     <testcase classname="FFT.IFFTSpec" name="IFFT should 執行8點IFFT運算" time="2.924">
                                                 
                                               </testcase><testcase classname="FFT.IFFTSpec" name="IFFT should 正確處理零輸入" time="0.627">
                                                 
                                               </testcase><testcase classname="FFT.IFFTSpec" name="IFFT should 在FFT-IFFT往返後恢復原始信號" time="0.855">
                                                 <failure message="2.5474342105676984 was not less than 0.3 重建誤差過大: 254.74%" type="org.scalatest.exceptions.TestFailedException">org.scalatest.exceptions.TestFailedException: 2.5474342105676984 was not less than 0.3 重建誤差過大: 254.74%
	at org.scalatest.Assertions.newAssertionFailedException(Assertions.scala:472)
	at org.scalatest.Assertions.newAssertionFailedException$(Assertions.scala:471)
	at org.scalatest.Assertions$.newAssertionFailedException(Assertions.scala:1231)
	at org.scalatest.Assertions$AssertionsHelper.macroAssert(Assertions.scala:1295)
	at FFT.IFFTSpec.$anonfun$new$15(IFFTTest.scala:178)
	at FFT.IFFTSpec.$anonfun$new$15$adapted(IFFTTest.scala:128)
	at chiseltest.internal.GenericBackend.$anonfun$run$1(GenericBackend.scala:153)
	at chiseltest.internal.ThreadedBackend$TesterThread$$anon$1.$anonfun$run$1(ThreadedBackend.scala:495)
	at chiseltest.internal.GenericBackend.doTimescope(GenericBackend.scala:98)
	at chiseltest.internal.ThreadedBackend$TesterThread$$anon$1.run(ThreadedBackend.scala:495)
	at java.base/java.lang.Thread.run(Thread.java:829)
</failure>
                                               </testcase><testcase classname="FFT.IFFTSpec" name="IFFT should 正確處理直流信號" time="0.451">
                                                 <failure message="0.156201171875 was not less than 0.02 直流信號重建誤差過大: realErr=0.156201, imagErr=0.000000" type="org.scalatest.exceptions.TestFailedException">org.scalatest.exceptions.TestFailedException: 0.156201171875 was not less than 0.02 直流信號重建誤差過大: realErr=0.156201, imagErr=0.000000
	at org.scalatest.Assertions.newAssertionFailedException(Assertions.scala:472)
	at org.scalatest.Assertions.newAssertionFailedException$(Assertions.scala:471)
	at org.scalatest.Assertions$.newAssertionFailedException(Assertions.scala:1231)
	at org.scalatest.Assertions$AssertionsHelper.macroAssert(Assertions.scala:1295)
	at FFT.IFFTSpec.$anonfun$new$23(IFFTTest.scala:223)
	at FFT.IFFTSpec.$anonfun$new$23$adapted(IFFTTest.scala:215)
	at scala.collection.immutable.Range.foreach(Range.scala:158)
	at FFT.IFFTSpec.$anonfun$new$21(IFFTTest.scala:215)
	at FFT.IFFTSpec.$anonfun$new$21$adapted(IFFTTest.scala:194)
	at chiseltest.internal.GenericBackend.$anonfun$run$1(GenericBackend.scala:153)
	at chiseltest.internal.ThreadedBackend$TesterThread$$anon$1.$anonfun$run$1(ThreadedBackend.scala:495)
	at chiseltest.internal.GenericBackend.doTimescope(GenericBackend.scala:98)
	at chiseltest.internal.ThreadedBackend$TesterThread$$anon$1.run(ThreadedBackend.scala:495)
	at java.base/java.lang.Thread.run(Thread.java:829)
</failure>
                                               </testcase>
                     <system-out><![CDATA[]]></system-out>
                     <system-err><![CDATA[]]></system-err>
                   </testsuite>