<?xml version='1.0' encoding='UTF-8'?>
<testsuite hostname="cans-WS-E500-G5-WS690T" name="FFT.IFFTSpec" tests="4" errors="0" failures="2" skipped="0" time="4.857" timestamp="2025-01-23T13:03:38">
                     <properties>
      <property name="awt.toolkit" value="sun.awt.X11.XToolkit"/><property name="java.specification.version" value="11"/><property name="sun.cpu.isalist" value=""/><property name="sun.jnu.encoding" value="UTF-8"/><property name="sun.arch.data.model" value="64"/><property name="java.vendor.url" value="https://ubuntu.com/"/><property name="sun.boot.library.path" value="/usr/lib/jvm/java-11-openjdk-amd64/lib"/><property name="sun.java.command" value="/home/cans/.cache/sbt/boot/sbt-launch/1.10.7/sbt-launch-1.10.7.jar test"/><property name="jdk.debug" value="release"/><property name="java.specification.vendor" value="Oracle Corporation"/><property name="java.version.date" value="2024-10-15"/><property name="java.home" value="/usr/lib/jvm/java-11-openjdk-amd64"/><property name="file.separator" value="/"/><property name="java.vm.compressedOopsMode" value="32-bit"/><property name="line.separator" value="
"/><property name="java.specification.name" value="Java Platform API Specification"/><property name="java.vm.specification.vendor" value="Oracle Corporation"/><property name="sun.management.compiler" value="HotSpot 64-Bit Tiered Compilers"/><property name="java.runtime.version" value="11.0.25+9-post-Ubuntu-1ubuntu124.04"/><property name="user.name" value="cans"/><property name="log4j.ignoreTCL" value="true"/><property name="file.encoding" value="UTF-8"/><property name="jnidispatch.path" value="/home/cans/.cache/JNA/temp/jna3564931846374459795.tmp"/><property name="jna.loaded" value="true"/><property name="java.io.tmpdir" value="/tmp"/><property name="java.version" value="11.0.25"/><property name="java.vm.specification.name" value="Java Virtual Machine Specification"/><property name="java.awt.printerjob" value="sun.print.PSPrinterJob"/><property name="sun.os.patch.level" value="unknown"/><property name="java.library.path" value="/usr/java/packages/lib:/usr/lib/x86_64-linux-gnu/jni:/lib/x86_64-linux-gnu:/usr/lib/x86_64-linux-gnu:/usr/lib/jni:/lib:/usr/lib"/><property name="java.vendor" value="Ubuntu"/><property name="java.specification.maintenance.version" value="3"/><property name="scala.ext.dirs" value="/home/cans/.sbt/1.0/java9-rt-ext-ubuntu_11_0_25"/><property name="sun.io.unicode.encoding" value="UnicodeLittle"/><property name="sun.desktop" value="gnome"/><property name="java.class.path" value="/home/cans/.cache/sbt/boot/sbt-launch/1.10.7/sbt-launch-1.10.7.jar"/><property name="java.vm.vendor" value="Ubuntu"/><property name="jline.shutdownhook" value="false"/><property name="user.timezone" value="Asia/Taipei"/><property name="os.name" value="Linux"/><property name="java.vm.specification.version" value="11"/><property name="sun.java.launcher" value="SUN_STANDARD"/><property name="user.country" value="TW"/><property name="sun.cpu.endian" value="little"/><property name="user.home" value="/home/cans"/><property name="user.language" value="zh"/><property name="sbt.script" value="/usr/bin/sbt"/><property name="swoval.tmpdir" value="/home/cans/.sbt/1.0"/><property name="java.awt.graphicsenv" value="sun.awt.X11GraphicsEnvironment"/><property name="jline.esc.timeout" value="0"/><property name="path.separator" value=":"/><property name="os.version" value="6.8.0-51-generic"/><property name="jna.nosys" value="true"/><property name="java.runtime.name" value="OpenJDK Runtime Environment"/><property name="java.vm.name" value="OpenJDK 64-Bit Server VM"/><property name="jna.platform.library.path" value="/usr/lib/x86_64-linux-gnu:/lib/x86_64-linux-gnu:/usr/lib64:/lib64:/usr/lib:/lib:/usr/lib/x86_64-linux-gnu/libfakeroot:/usr/lib/x86_64-linux-gnu/fakechroot"/><property name="java.vendor.url.bug" value="https://bugs.launchpad.net/ubuntu/+source/openjdk-lts"/><property name="user.dir" value="/home/cans/5-stage-RV32I"/><property name="os.arch" value="amd64"/><property name="java.vm.info" value="mixed mode, sharing"/><property name="java.vm.version" value="11.0.25+9-post-Ubuntu-1ubuntu124.04"/><property name="java.class.version" value="55.0"/>
    </properties>
                     <testcase classname="FFT.IFFTSpec" name="IFFT should 執行8點IFFT運算" time="2.924">
                                                 
                                               </testcase><testcase classname="FFT.IFFTSpec" name="IFFT should 正確處理零輸入" time="0.627">
                                                 
                                               </testcase><testcase classname="FFT.IFFTSpec" name="IFFT should 在FFT-IFFT往返後恢復原始信號" time="0.855">
                                                 <failure message="2.5474342105676984 was not less than 0.3 重建誤差過大: 254.74%" type="org.scalatest.exceptions.TestFailedException">org.scalatest.exceptions.TestFailedException: 2.5474342105676984 was not less than 0.3 重建誤差過大: 254.74%
	at org.scalatest.Assertions.newAssertionFailedException(Assertions.scala:472)
	at org.scalatest.Assertions.newAssertionFailedException$(Assertions.scala:471)
	at org.scalatest.Assertions$.newAssertionFailedException(Assertions.scala:1231)
	at org.scalatest.Assertions$AssertionsHelper.macroAssert(Assertions.scala:1295)
	at FFT.IFFTSpec.$anonfun$new$15(IFFTTest.scala:178)
	at FFT.IFFTSpec.$anonfun$new$15$adapted(IFFTTest.scala:128)
	at chiseltest.internal.GenericBackend.$anonfun$run$1(GenericBackend.scala:153)
	at chiseltest.internal.ThreadedBackend$TesterThread$$anon$1.$anonfun$run$1(ThreadedBackend.scala:495)
	at chiseltest.internal.GenericBackend.doTimescope(GenericBackend.scala:98)
	at chiseltest.internal.ThreadedBackend$TesterThread$$anon$1.run(ThreadedBackend.scala:495)
	at java.base/java.lang.Thread.run(Thread.java:829)
</failure>
                                               </testcase><testcase classname="FFT.IFFTSpec" name="IFFT should 正確處理直流信號" time="0.451">
                                                 <failure message="0.156201171875 was not less than 0.02 直流信號重建誤差過大: realErr=0.156201, imagErr=0.000000" type="org.scalatest.exceptions.TestFailedException">org.scalatest.exceptions.TestFailedException: 0.156201171875 was not less than 0.02 直流信號重建誤差過大: realErr=0.156201, imagErr=0.000000
	at org.scalatest.Assertions.newAssertionFailedException(Assertions.scala:472)
	at org.scalatest.Assertions.newAssertionFailedException$(Assertions.scala:471)
	at org.scalatest.Assertions$.newAssertionFailedException(Assertions.scala:1231)
	at org.scalatest.Assertions$AssertionsHelper.macroAssert(Assertions.scala:1295)
	at FFT.IFFTSpec.$anonfun$new$23(IFFTTest.scala:223)
	at FFT.IFFTSpec.$anonfun$new$23$adapted(IFFTTest.scala:215)
	at scala.collection.immutable.Range.foreach(Range.scala:158)
	at FFT.IFFTSpec.$anonfun$new$21(IFFTTest.scala:215)
	at FFT.IFFTSpec.$anonfun$new$21$adapted(IFFTTest.scala:194)
	at chiseltest.internal.GenericBackend.$anonfun$run$1(GenericBackend.scala:153)
	at chiseltest.internal.ThreadedBackend$TesterThread$$anon$1.$anonfun$run$1(ThreadedBackend.scala:495)
	at chiseltest.internal.GenericBackend.doTimescope(GenericBackend.scala:98)
	at chiseltest.internal.ThreadedBackend$TesterThread$$anon$1.run(ThreadedBackend.scala:495)
	at java.base/java.lang.Thread.run(Thread.java:829)
</failure>
                                               </testcase>
                     <system-out><![CDATA[]]></system-out>
                     <system-err><![CDATA[]]></system-err>
                   </testsuite>