[0m[[0m[0mdebug[0m] [0m[0mRunning TaskDef(rv32i.core.ForwardingUnitTest, org.scalatest.tools.Framework$$anon$1@6c2170bd, false, [SuiteSelector])[0m
[0m[[0m[0mdebug[0m] [0m[0mRunning TaskDef(rv32i.core.HazardDetectionTest, org.scalatest.tools.Framework$$anon$1@6c2170bd, false, [SuiteSelector])[0m
[0m[[0m[0mdebug[0m] [0m[0mRunning TaskDef(FFT.FFTPipelineSpec, org.scalatest.tools.Framework$$anon$1@6c2170bd, false, [SuiteSelector])[0m
[0m[[0m[0mdebug[0m] [0m[0mRunning TaskDef(FFT.FFTSpec, org.scalatest.tools.Framework$$anon$1@6c2170bd, false, [SuiteSelector])[0m
[0m[[0m[0mdebug[0m] [0m[0mRunning TaskDef(FFT.IFFTSpec, org.scalatest.tools.Framework$$anon$1@6c2170bd, false, [SuiteSelector])[0m
[0m[[0m[0mdebug[0m] [0m[0mRunning TaskDef(Pipeline.TOPTest, org.scalatest.tools.Framework$$anon$1@6c2170bd, false, [SuiteSelector])[0m
[0m[[0m[0mdebug[0m] [0m[0mRunning TaskDef(gcd.GCDSpec, org.scalatest.tools.Framework$$anon$1@6c2170bd, false, [SuiteSelector])[0m
[0m[[0m[0minfo[0m] [0m[0m[32mTOPTest:[0m[0m
[0m[[0m[0minfo[0m] [0m[0m[32m- 5-Stage test[0m[0m
[0m[[0m[0minfo[0m] [0m[0m[32mForwardingUnitTest:[0m[0m
[0m[[0m[0minfo[0m] [0m[0m[32mForwardingUnit[0m[0m
[0m[[0m[0minfo[0m] [0m[0m[32m- should work correctly[0m[0m
[0m[[0m[0minfo[0m] [0m[0m[32mHazardDetectionTest:[0m[0m
[0m[[0m[0minfo[0m] [0m[0m[32mHazardDetectionUnit[0m[0m
[0m[[0m[0minfo[0m] [0m[0m[32m- should detect load-use hazard when rs1 matches[0m[0m
[0m[[0m[0minfo[0m] [0m[0m[32m- should detect load-use hazard when rs2 matches[0m[0m
[0m[[0m[0minfo[0m] [0m[0m[32m- should not detect hazard when no load-use condition exists[0m[0m
[0m[[0m[0minfo[0m] [0m[0m[32m- should not detect hazard when mem_read_ex is false[0m[0m
[0m[[0m[0minfo[0m] [0m[0m[32mGCDSpec:[0m[0m
[0m[[0m[0minfo[0m] [0m[0m[32m- Gcd should calculate proper greatest common denominator[0m[0m
[0m[[0m[0minfo[0m] [0m[0m[32mFFTSpec:[0m[0m
[0m[[0m[0minfo[0m] [0m[0m[32mFFT[0m[0m
[0m[[0m[0minfo[0m] [0m[0m[31m- should perform 8-point FFT operation *** FAILED ***[0m[0m
[0m[[0m[0minfo[0m] [0m[0m[31m  0.07875261262059212 was not less than 0.01 Energy conservation error (0.07875261262059212) exceeds tolerance (0.01) (FFTTest.scala:42)[0m[0m
[0m[[0m[0minfo[0m] [0m[0m[32m- should handle zero input for 8-point FFT[0m[0m
[0m[[0m[0minfo[0m] [0m[0m[32m- should handle impulse input correctly[0m[0m
[0m[[0m[0minfo[0m] [0m[0m[32mFFTPipelineSpec:[0m[0m
[0m[[0m[0minfo[0m] [0m[0m[32mFFTPipeline[0m[0m
[0m[[0m[0minfo[0m] [0m[0m[32m- should perform basic pipeline operation[0m[0m
[0m[[0m[0minfo[0m] [0m[0m[32m- should handle zero input correctly[0m[0m
[0m[[0m[0minfo[0m] [0m[0m[32m- should progress through pipeline stages correctly[0m[0m
[0m[[0m[0minfo[0m] [0m[0m[32mIFFTSpec:[0m[0m
[0m[[0m[0minfo[0m] [0m[0m[32mIFFT[0m[0m
[0m[[0m[0minfo[0m] [0m[0m[32m- should Âü∑Ë°å8ÈªûIFFTÈÅãÁÆó[0m[0m
[0m[[0m[0minfo[0m] [0m[0m[32m- should Ê≠£Á¢∫ËôïÁêÜÈõ∂Ëº∏ÂÖ•[0m[0m
[0m[[0m[0minfo[0m] [0m[0m[31m- should Âú®FFT-IFFTÂæÄËøîÂæåÊÅ¢Âæ©ÂéüÂßã‰ø°Ëôü *** FAILED ***[0m[0m
[0m[[0m[0minfo[0m] [0m[0m[31m  1.2829068290898682 was not less than 0.3 ÈáçÂª∫Ë™§Â∑ÆÈÅéÂ§ß: 128.29% (IFFTTest.scala:178)[0m[0m
[0m[[0m[0minfo[0m] [0m[0m[31m- should Ê≠£Á¢∫ËôïÁêÜÁõ¥ÊµÅ‰ø°Ëôü *** FAILED ***[0m[0m
[0m[[0m[0minfo[0m] [0m[0m[31m  0.156201171875 was not less than 0.02 Áõ¥ÊµÅ‰ø°ËôüÈáçÂª∫Ë™§Â∑ÆÈÅéÂ§ß: realErr=0.156201, imagErr=0.000000 (IFFTTest.scala:223)[0m[0m
[0m[[0m[0mdebug[0m] [0m[0mSummary for ScalaCheck not available.[0m
[0m[[0m[0minfo[0m] [0m[0mScalaTest[0m
[0m[[0m[0minfo[0m] [0m[0m[36mRun completed in 5 seconds, 14 milliseconds.[0m[0m
[0m[[0m[0minfo[0m] [0m[0m[36mTotal number of tests run: 17[0m[0m
[0m[[0m[0minfo[0m] [0m[0m[36mSuites: completed 7, aborted 0[0m[0m
[0m[[0m[0minfo[0m] [0m[0m[36mTests: succeeded 14, failed 3, canceled 0, ignored 0, pending 0[0m[0m
[0m[[0m[0minfo[0m] [0m[0m[31m*** 3 TESTS FAILED ***[0m[0m
[0m[[0m[31merror[0m] [0m[0mFailed: Total 17, Failed 3, Errors 0, Passed 14[0m
[0m[[0m[0mdebug[0m] [0m[0mPassed tests:[0m
[0m[[0m[0mdebug[0m] [0m[0m	Pipeline.TOPTest[0m
[0m[[0m[0mdebug[0m] [0m[0m	rv32i.core.ForwardingUnitTest[0m
[0m[[0m[0mdebug[0m] [0m[0m	FFT.FFTPipelineSpec[0m
[0m[[0m[0mdebug[0m] [0m[0m	gcd.GCDSpec[0m
[0m[[0m[0mdebug[0m] [0m[0m	rv32i.core.HazardDetectionTest[0m
[0m[[0m[31merror[0m] [0m[0mFailed tests:[0m
[0m[[0m[31merror[0m] [0m[0m	FFT.IFFTSpec[0m
[0m[[0m[31merror[0m] [0m[0m	FFT.FFTSpec[0m
[0m[[0m[31merror[0m] [0m[0m(Test / [31mtest[0m) sbt.TestsFailedException: Tests unsuccessful[0m
